2020-10-28 02:14:41,650 INFO  vn.zalopay.ducnm8.handler.grpc._TransferHandler GRPC: transfer succeed senderId = 9, receiverId = 10
2020-10-28 02:14:41,650 INFO  vn.zalopay.ducnm8.da.interact.TransferDAImpl insert a transfer, senderId = 9 receiverId = 10
2020-10-28 02:14:41,654 INFO  vn.zalopay.ducnm8.da.interact.TransferHistoryDAImpl insert a new transfer history, userId = 9 partnerId = 10
2020-10-28 02:14:41,654 INFO  vn.zalopay.ducnm8.da.interact.TransferDAImpl insert a transfer successfully
2020-10-28 02:14:41,655 INFO  vn.zalopay.ducnm8.da.interact.TransferHistoryDAImpl insert a new transfer history, userId = 10 partnerId = 9
2020-10-28 02:14:41,658 INFO  vn.zalopay.ducnm8.handler.WSHandler Send Transfer history to accountId: 10, userId = 10 parnerId = 9
2020-10-28 02:14:41,658 INFO  vn.zalopay.ducnm8.da.interact.AccountDAImpl update balance: (id=10,amount=10)
2020-10-28 02:14:41,658 INFO  vn.zalopay.ducnm8.handler.grpc._TransferHandler GRPC: transfer succeed senderId = 9, receiverId = 10
2020-10-28 02:14:41,659 INFO  vn.zalopay.ducnm8.da.interact.TransferDAImpl insert a transfer, senderId = 9 receiverId = 10
2020-10-28 02:14:41,659 INFO  vn.zalopay.ducnm8.da.interact.TransferHistoryDAImpl insert a new transfer history, userId = 9 partnerId = 10
2020-10-28 02:14:41,659 INFO  vn.zalopay.ducnm8.da.interact.TransferDAImpl insert a transfer successfully
2020-10-28 02:14:41,660 INFO  vn.zalopay.ducnm8.da.interact.TransferHistoryDAImpl insert a new transfer history, userId = 10 partnerId = 9
2020-10-28 02:14:41,663 INFO  vn.zalopay.ducnm8.da.interact.AccountDAImpl update balance: (id=10,amount=10)
2020-10-28 02:14:41,663 INFO  vn.zalopay.ducnm8.handler.WSHandler Send Transfer history to accountId: 10, userId = 10 parnerId = 9
2020-10-28 02:14:41,663 INFO  vn.zalopay.ducnm8.handler.grpc._TransferHandler GRPC: transfer succeed senderId = 9, receiverId = 10
2020-10-28 02:14:41,664 INFO  vn.zalopay.ducnm8.da.interact.TransferDAImpl insert a transfer, senderId = 9 receiverId = 10
2020-10-28 02:14:41,664 INFO  vn.zalopay.ducnm8.da.interact.TransferHistoryDAImpl insert a new transfer history, userId = 9 partnerId = 10
2020-10-28 02:14:41,665 INFO  vn.zalopay.ducnm8.da.interact.TransferDAImpl insert a transfer successfully
2020-10-28 02:14:41,665 INFO  vn.zalopay.ducnm8.da.interact.TransferHistoryDAImpl insert a new transfer history, userId = 10 partnerId = 9
2020-10-28 02:14:41,668 INFO  vn.zalopay.ducnm8.handler.WSHandler Send Transfer history to accountId: 10, userId = 10 parnerId = 9
2020-10-28 02:14:41,668 INFO  vn.zalopay.ducnm8.da.interact.AccountDAImpl update balance: (id=10,amount=10)
2020-10-28 02:14:41,668 INFO  vn.zalopay.ducnm8.handler.grpc._TransferHandler GRPC: transfer succeed senderId = 9, receiverId = 10
2020-10-28 02:14:41,669 INFO  vn.zalopay.ducnm8.da.interact.TransferDAImpl insert a transfer, senderId = 9 receiverId = 10
2020-10-28 02:14:41,670 INFO  vn.zalopay.ducnm8.da.interact.TransferHistoryDAImpl insert a new transfer history, userId = 9 partnerId = 10
2020-10-28 02:14:41,670 INFO  vn.zalopay.ducnm8.da.interact.TransferDAImpl insert a transfer successfully
2020-10-28 02:14:41,671 INFO  vn.zalopay.ducnm8.da.interact.TransferHistoryDAImpl insert a new transfer history, userId = 10 partnerId = 9
2020-10-28 02:14:41,673 INFO  vn.zalopay.ducnm8.da.interact.AccountDAImpl update balance: (id=10,amount=10)
2020-10-28 02:14:41,673 INFO  vn.zalopay.ducnm8.handler.WSHandler Send Transfer history to accountId: 10, userId = 10 parnerId = 9
2020-10-28 02:14:41,674 INFO  vn.zalopay.ducnm8.handler.grpc._TransferHandler GRPC: transfer succeed senderId = 9, receiverId = 10
2020-10-28 02:14:41,674 INFO  vn.zalopay.ducnm8.da.interact.TransferDAImpl insert a transfer, senderId = 9 receiverId = 10
2020-10-28 02:14:41,675 INFO  vn.zalopay.ducnm8.da.interact.TransferHistoryDAImpl insert a new transfer history, userId = 9 partnerId = 10
2020-10-28 02:14:41,675 INFO  vn.zalopay.ducnm8.da.interact.TransferDAImpl insert a transfer successfully
2020-10-28 02:14:41,676 INFO  vn.zalopay.ducnm8.da.interact.TransferHistoryDAImpl insert a new transfer history, userId = 10 partnerId = 9
2020-10-28 02:14:41,679 INFO  vn.zalopay.ducnm8.da.interact.AccountDAImpl update balance: (id=10,amount=10)
2020-10-28 02:14:41,679 INFO  vn.zalopay.ducnm8.handler.WSHandler Send Transfer history to accountId: 10, userId = 10 parnerId = 9
2020-10-28 02:14:41,679 INFO  vn.zalopay.ducnm8.handler.grpc._TransferHandler GRPC: transfer succeed senderId = 9, receiverId = 10
2020-10-28 02:14:41,680 INFO  vn.zalopay.ducnm8.da.interact.TransferDAImpl insert a transfer, senderId = 9 receiverId = 10
2020-10-28 02:14:41,680 INFO  vn.zalopay.ducnm8.da.interact.TransferHistoryDAImpl insert a new transfer history, userId = 9 partnerId = 10
2020-10-28 02:14:41,681 INFO  vn.zalopay.ducnm8.da.interact.TransferDAImpl insert a transfer successfully
2020-10-28 02:14:41,681 INFO  vn.zalopay.ducnm8.da.interact.TransferHistoryDAImpl insert a new transfer history, userId = 10 partnerId = 9
2020-10-28 02:14:41,683 INFO  vn.zalopay.ducnm8.handler.WSHandler Send Transfer history to accountId: 10, userId = 10 parnerId = 9
2020-10-28 02:14:41,683 INFO  vn.zalopay.ducnm8.da.interact.AccountDAImpl update balance: (id=10,amount=10)
2020-10-28 02:14:41,684 INFO  vn.zalopay.ducnm8.handler.grpc._TransferHandler GRPC: transfer succeed senderId = 9, receiverId = 10
2020-10-28 02:14:41,684 INFO  vn.zalopay.ducnm8.da.interact.TransferDAImpl insert a transfer, senderId = 9 receiverId = 10
2020-10-28 02:14:41,685 INFO  vn.zalopay.ducnm8.da.interact.TransferHistoryDAImpl insert a new transfer history, userId = 9 partnerId = 10
2020-10-28 02:14:41,685 INFO  vn.zalopay.ducnm8.da.interact.TransferDAImpl insert a transfer successfully
2020-10-28 02:14:41,685 INFO  vn.zalopay.ducnm8.da.interact.TransferHistoryDAImpl insert a new transfer history, userId = 10 partnerId = 9
2020-10-28 02:14:41,687 INFO  vn.zalopay.ducnm8.handler.WSHandler Send Transfer history to accountId: 10, userId = 10 parnerId = 9
2020-10-28 02:14:41,687 INFO  vn.zalopay.ducnm8.da.interact.AccountDAImpl update balance: (id=10,amount=10)
2020-10-28 02:14:41,687 INFO  vn.zalopay.ducnm8.handler.grpc._TransferHandler GRPC: transfer succeed senderId = 9, receiverId = 10
2020-10-28 02:14:41,688 INFO  vn.zalopay.ducnm8.da.interact.TransferDAImpl insert a transfer, senderId = 9 receiverId = 10
2020-10-28 02:14:41,688 INFO  vn.zalopay.ducnm8.da.interact.TransferHistoryDAImpl insert a new transfer history, userId = 9 partnerId = 10
2020-10-28 02:14:41,688 INFO  vn.zalopay.ducnm8.da.interact.TransferDAImpl insert a transfer successfully
2020-10-28 02:14:41,689 INFO  vn.zalopay.ducnm8.da.interact.TransferHistoryDAImpl insert a new transfer history, userId = 10 partnerId = 9
2020-10-28 02:14:41,691 INFO  vn.zalopay.ducnm8.da.interact.AccountDAImpl update balance: (id=10,amount=10)
2020-10-28 02:14:41,691 INFO  vn.zalopay.ducnm8.handler.WSHandler Send Transfer history to accountId: 10, userId = 10 parnerId = 9
2020-10-28 02:14:41,691 INFO  vn.zalopay.ducnm8.handler.grpc._TransferHandler GRPC: transfer succeed senderId = 9, receiverId = 10
2020-10-28 02:14:41,692 INFO  vn.zalopay.ducnm8.da.interact.TransferDAImpl insert a transfer, senderId = 9 receiverId = 10
2020-10-28 02:14:41,692 INFO  vn.zalopay.ducnm8.da.interact.TransferHistoryDAImpl insert a new transfer history, userId = 9 partnerId = 10
2020-10-28 02:14:41,692 INFO  vn.zalopay.ducnm8.da.interact.TransferDAImpl insert a transfer successfully
2020-10-28 02:14:41,693 INFO  vn.zalopay.ducnm8.da.interact.TransferHistoryDAImpl insert a new transfer history, userId = 10 partnerId = 9
2020-10-28 02:14:41,695 INFO  vn.zalopay.ducnm8.handler.WSHandler Send Transfer history to accountId: 10, userId = 10 parnerId = 9
2020-10-28 02:14:41,695 INFO  vn.zalopay.ducnm8.handler.grpc._TransferHandler GRPC: transfer succeed senderId = 9, receiverId = 10
2020-10-28 02:32:48,926 INFO  vn.zalopay.ducnm8.server.WebSocketServer web socket connected from userId: 4
2020-10-28 02:32:48,930 INFO  vn.zalopay.ducnm8.handler.grpc.InterceptorHandler grpc authenticate successfully, senderId = 4
2020-10-28 02:32:48,930 INFO  vn.zalopay.ducnm8.handler.grpc.InterceptorHandler grpc authenticate successfully, senderId = 4
2020-10-28 02:32:48,930 INFO  vn.zalopay.ducnm8.handler.grpc.GetHistoryHandler GRPC get transfer history request senderId = 4
2020-10-28 02:32:48,930 INFO  vn.zalopay.ducnm8.handler.grpc.GetBalanceHandler GRPC get balance request from: 4
2020-10-28 02:32:48,930 INFO  vn.zalopay.ducnm8.da.interact.TransferHistoryDAImpl select a list transfer history, accountId = 4 offset = 0
2020-10-28 02:32:48,930 INFO  vn.zalopay.ducnm8.da.interact.AccountDAImpl select balance by id: 4
2020-10-28 02:32:48,931 INFO  vn.zalopay.ducnm8.handler.grpc.GetBalanceHandler GRPC: getBalance succeed senderId = 4
2020-10-28 02:32:48,931 INFO  vn.zalopay.ducnm8.handler.grpc.GetHistoryHandler GRPC: get transfer history succeed, senderId = 4
2020-10-28 02:32:48,988 INFO  vn.zalopay.ducnm8.handler.JWTAuthHandler Restful API authenticator
2020-10-28 02:32:48,988 INFO  vn.zalopay.ducnm8.handler.JWTAuthHandler Restful API authenticate successfully, id = 4
2020-10-28 02:32:48,989 INFO  vn.zalopay.ducnm8.handler.UserListHandler get a user list, userId = 4
2020-10-28 02:32:48,989 INFO  vn.zalopay.ducnm8.da.interact.AccountDAImpl select list user except one user by id: 4
2020-10-28 02:32:49,050 INFO  vn.zalopay.ducnm8.handler.JWTAuthHandler Restful API authenticator
2020-10-28 02:32:49,050 INFO  vn.zalopay.ducnm8.handler.JWTAuthHandler Restful API authenticator
2020-10-28 02:32:49,050 INFO  vn.zalopay.ducnm8.handler.JWTAuthHandler Restful API authenticate successfully, id = 4
2020-10-28 02:32:49,050 INFO  vn.zalopay.ducnm8.handler.JWTAuthHandler Restful API authenticate successfully, id = 4
2020-10-28 02:32:49,050 INFO  vn.zalopay.ducnm8.handler.ChatListHandler get chat list between 4 and 5
2020-10-28 02:32:49,050 INFO  vn.zalopay.ducnm8.handler.ChatListHandler get chat list between 4 and 14
2020-10-28 02:32:49,050 INFO  vn.zalopay.ducnm8.da.interact.ChatListDAImpl select list chat between 4 and 5, offset = 0
2020-10-28 02:32:49,050 INFO  vn.zalopay.ducnm8.da.interact.ChatListDAImpl select list chat between 4 and 14, offset = 0
2020-10-28 02:32:49,051 INFO  vn.zalopay.ducnm8.da.interact.ChatListDAImpl HikariProxyResultSet@978888107 wrapping com.mysql.cj.jdbc.result.ResultSetImpl@2331ec4c
2020-10-28 02:32:49,051 INFO  vn.zalopay.ducnm8.da.interact.ChatListDAImpl HikariProxyResultSet@1549229922 wrapping com.mysql.cj.jdbc.result.ResultSetImpl@3768f54
2020-10-28 02:32:49,055 INFO  vn.zalopay.ducnm8.handler.JWTAuthHandler Restful API authenticator
2020-10-28 02:32:49,055 INFO  vn.zalopay.ducnm8.handler.JWTAuthHandler Restful API authenticate successfully, id = 4
2020-10-28 02:32:49,056 INFO  vn.zalopay.ducnm8.handler.ChatListHandler get chat list between 4 and 7
2020-10-28 02:32:49,056 INFO  vn.zalopay.ducnm8.da.interact.ChatListDAImpl select list chat between 4 and 7, offset = 0
2020-10-28 02:32:49,056 INFO  vn.zalopay.ducnm8.handler.JWTAuthHandler Restful API authenticator
2020-10-28 02:32:49,056 INFO  vn.zalopay.ducnm8.handler.JWTAuthHandler Restful API authenticate successfully, id = 4
2020-10-28 02:32:49,057 INFO  vn.zalopay.ducnm8.da.interact.ChatListDAImpl HikariProxyResultSet@1461827191 wrapping com.mysql.cj.jdbc.result.ResultSetImpl@33feb779
2020-10-28 02:32:49,057 INFO  vn.zalopay.ducnm8.handler.ChatListHandler get chat list between 4 and 12
2020-10-28 02:32:49,057 INFO  vn.zalopay.ducnm8.da.interact.ChatListDAImpl select list chat between 4 and 12, offset = 0
2020-10-28 02:32:49,057 INFO  vn.zalopay.ducnm8.da.interact.ChatListDAImpl HikariProxyResultSet@1192254586 wrapping com.mysql.cj.jdbc.result.ResultSetImpl@5ed9b8c1
2020-10-28 02:32:49,061 INFO  vn.zalopay.ducnm8.handler.JWTAuthHandler Restful API authenticator
2020-10-28 02:32:49,061 INFO  vn.zalopay.ducnm8.handler.JWTAuthHandler Restful API authenticate successfully, id = 4
2020-10-28 02:32:49,062 INFO  vn.zalopay.ducnm8.handler.ChatListHandler get chat list between 4 and 6
2020-10-28 02:32:49,062 INFO  vn.zalopay.ducnm8.da.interact.ChatListDAImpl select list chat between 4 and 6, offset = 0
2020-10-28 02:32:49,063 INFO  vn.zalopay.ducnm8.da.interact.ChatListDAImpl HikariProxyResultSet@1758899165 wrapping com.mysql.cj.jdbc.result.ResultSetImpl@2aa3c8e8
2020-10-28 02:32:49,063 INFO  vn.zalopay.ducnm8.handler.JWTAuthHandler Restful API authenticator
2020-10-28 02:32:49,064 INFO  vn.zalopay.ducnm8.handler.JWTAuthHandler Restful API authenticate successfully, id = 4
2020-10-28 02:32:49,064 INFO  vn.zalopay.ducnm8.handler.ChatListHandler get chat list between 4 and 10
2020-10-28 02:32:49,064 INFO  vn.zalopay.ducnm8.da.interact.ChatListDAImpl select list chat between 4 and 10, offset = 0
2020-10-28 02:32:49,065 INFO  vn.zalopay.ducnm8.handler.JWTAuthHandler Restful API authenticator
2020-10-28 02:32:49,065 INFO  vn.zalopay.ducnm8.da.interact.ChatListDAImpl HikariProxyResultSet@755985068 wrapping com.mysql.cj.jdbc.result.ResultSetImpl@7708611e
2020-10-28 02:32:49,067 INFO  vn.zalopay.ducnm8.handler.JWTAuthHandler Restful API authenticate successfully, id = 4
2020-10-28 02:32:49,067 INFO  vn.zalopay.ducnm8.handler.ChatListHandler get chat list between 4 and 9
2020-10-28 02:32:49,067 INFO  vn.zalopay.ducnm8.da.interact.ChatListDAImpl select list chat between 4 and 9, offset = 0
2020-10-28 02:32:49,068 INFO  vn.zalopay.ducnm8.da.interact.ChatListDAImpl HikariProxyResultSet@937598761 wrapping com.mysql.cj.jdbc.result.ResultSetImpl@771e389a
2020-10-28 02:32:49,069 INFO  vn.zalopay.ducnm8.handler.JWTAuthHandler Restful API authenticator
2020-10-28 02:32:49,070 INFO  vn.zalopay.ducnm8.handler.JWTAuthHandler Restful API authenticator
2020-10-28 02:32:49,070 INFO  vn.zalopay.ducnm8.handler.JWTAuthHandler Restful API authenticate successfully, id = 4
2020-10-28 02:32:49,070 INFO  vn.zalopay.ducnm8.handler.JWTAuthHandler Restful API authenticate successfully, id = 4
2020-10-28 02:32:49,070 INFO  vn.zalopay.ducnm8.handler.ChatListHandler get chat list between 4 and 15
2020-10-28 02:32:49,070 INFO  vn.zalopay.ducnm8.handler.JWTAuthHandler Restful API authenticator
2020-10-28 02:32:49,070 INFO  vn.zalopay.ducnm8.handler.ChatListHandler get chat list between 4 and 18
2020-10-28 02:32:49,070 INFO  vn.zalopay.ducnm8.da.interact.ChatListDAImpl select list chat between 4 and 15, offset = 0
2020-10-28 02:32:49,070 INFO  vn.zalopay.ducnm8.handler.JWTAuthHandler Restful API authenticate successfully, id = 4
2020-10-28 02:32:49,070 INFO  vn.zalopay.ducnm8.da.interact.ChatListDAImpl select list chat between 4 and 18, offset = 0
2020-10-28 02:32:49,070 INFO  vn.zalopay.ducnm8.handler.ChatListHandler get chat list between 4 and 16
2020-10-28 02:32:49,070 INFO  vn.zalopay.ducnm8.da.interact.ChatListDAImpl select list chat between 4 and 16, offset = 0
2020-10-28 02:32:49,071 INFO  vn.zalopay.ducnm8.da.interact.ChatListDAImpl HikariProxyResultSet@949258511 wrapping com.mysql.cj.jdbc.result.ResultSetImpl@401205e2
2020-10-28 02:32:49,071 INFO  vn.zalopay.ducnm8.da.interact.ChatListDAImpl HikariProxyResultSet@2039217217 wrapping com.mysql.cj.jdbc.result.ResultSetImpl@7b1738f2
2020-10-28 02:32:49,071 INFO  vn.zalopay.ducnm8.da.interact.ChatListDAImpl HikariProxyResultSet@1935742661 wrapping com.mysql.cj.jdbc.result.ResultSetImpl@28070351
2020-10-28 02:32:49,072 INFO  vn.zalopay.ducnm8.handler.JWTAuthHandler Restful API authenticator
2020-10-28 02:32:49,072 INFO  vn.zalopay.ducnm8.handler.JWTAuthHandler Restful API authenticate successfully, id = 4
2020-10-28 02:32:49,072 INFO  vn.zalopay.ducnm8.handler.ChatListHandler get chat list between 4 and 17
2020-10-28 02:32:49,072 INFO  vn.zalopay.ducnm8.da.interact.ChatListDAImpl select list chat between 4 and 17, offset = 0
2020-10-28 02:32:49,073 INFO  vn.zalopay.ducnm8.da.interact.ChatListDAImpl HikariProxyResultSet@1079202101 wrapping com.mysql.cj.jdbc.result.ResultSetImpl@37771586
2020-10-28 02:33:02,431 INFO  vn.zalopay.ducnm8.handler.WSHandler Send chat from senderId = 4 to receiverId = 5
2020-10-28 02:33:02,432 INFO  vn.zalopay.ducnm8.da.interact.ChatListDAImpl insert a new chat, senderId = 4 receiverId 5
2020-10-28 02:33:02,436 INFO  vn.zalopay.ducnm8.handler.WSHandler insert a new chat, senderId = 4 receiverId = 5
2020-10-28 02:33:02,436 INFO  vn.zalopay.ducnm8.handler.WSHandler Send chat to accountId: 4, senderId = 4 receiverId = 5
2020-10-28 02:33:02,436 INFO  vn.zalopay.ducnm8.handler.WSHandler Send chat to accountId: 5, senderId = 4 receiverId = 5
2020-10-28 02:35:27,113 INFO  vn.zalopay.ducnm8.handler.WSHandler Send chat from senderId = 4 to receiverId = 7
2020-10-28 02:35:27,113 INFO  vn.zalopay.ducnm8.da.interact.ChatListDAImpl insert a new chat, senderId = 4 receiverId 7
2020-10-28 02:35:27,127 INFO  vn.zalopay.ducnm8.handler.WSHandler insert a new chat, senderId = 4 receiverId = 7
2020-10-28 02:35:27,127 INFO  vn.zalopay.ducnm8.handler.WSHandler Send chat to accountId: 4, senderId = 4 receiverId = 7
2020-10-28 02:35:27,128 INFO  vn.zalopay.ducnm8.handler.WSHandler Send chat to accountId: 7, senderId = 4 receiverId = 7
